
  .   ____          _            __ _ _
 /\\ / ___'_ __ _ _(_)_ __  __ _ \ \ \ \
( ( )\___ | '_ | '_| | '_ \/ _` | \ \ \ \
 \\/  ___)| |_)| | | | | || (_| |  ) ) ) )
  '  |____| .__|_| |_|_| |_\__, | / / / /
 =========|_|==============|___/=/_/_/_/
 :: Spring Boot ::                (v2.6.0)

2021-12-16 23:13:06.039  INFO 27381 --- [           main] c.c.TermProject.TermProjectApplication   : Starting TermProjectApplication v0.0.1-SNAPSHOT using Java 11.0.11 on ip-172-31-28-255 with PID 27381 (/home/ubuntu/cmpe275TermProject/TermProject/TermProject-0.0.1-SNAPSHOT.jar started by ubuntu in /home/ubuntu/cmpe275TermProject/TermProject)
2021-12-16 23:13:06.041  INFO 27381 --- [           main] c.c.TermProject.TermProjectApplication   : No active profile set, falling back to default profiles: default
2021-12-16 23:13:07.127  INFO 27381 --- [           main] .s.d.r.c.RepositoryConfigurationDelegate : Bootstrapping Spring Data JPA repositories in DEFAULT mode.
2021-12-16 23:13:07.218  INFO 27381 --- [           main] .s.d.r.c.RepositoryConfigurationDelegate : Finished Spring Data repository scanning in 81 ms. Found 6 JPA repository interfaces.
2021-12-16 23:13:08.048  INFO 27381 --- [           main] o.s.b.w.embedded.tomcat.TomcatWebServer  : Tomcat initialized with port(s): 8080 (http)
2021-12-16 23:13:08.063  INFO 27381 --- [           main] o.apache.catalina.core.StandardService   : Starting service [Tomcat]
2021-12-16 23:13:08.063  INFO 27381 --- [           main] org.apache.catalina.core.StandardEngine  : Starting Servlet engine: [Apache Tomcat/9.0.55]
2021-12-16 23:13:08.136  INFO 27381 --- [           main] o.a.c.c.C.[Tomcat].[localhost].[/]       : Initializing Spring embedded WebApplicationContext
2021-12-16 23:13:08.137  INFO 27381 --- [           main] w.s.c.ServletWebServerApplicationContext : Root WebApplicationContext: initialization completed in 1968 ms
2021-12-16 23:13:08.423  INFO 27381 --- [           main] o.hibernate.jpa.internal.util.LogHelper  : HHH000204: Processing PersistenceUnitInfo [name: default]
2021-12-16 23:13:08.482  INFO 27381 --- [           main] org.hibernate.Version                    : HHH000412: Hibernate ORM core version 5.6.1.Final
2021-12-16 23:13:08.667  INFO 27381 --- [           main] o.hibernate.annotations.common.Version   : HCANN000001: Hibernate Commons Annotations {5.1.2.Final}
2021-12-16 23:13:08.812  INFO 27381 --- [           main] com.zaxxer.hikari.HikariDataSource       : HikariPool-1 - Starting...
2021-12-16 23:13:09.075  INFO 27381 --- [           main] com.zaxxer.hikari.HikariDataSource       : HikariPool-1 - Start completed.
2021-12-16 23:13:09.094  INFO 27381 --- [           main] org.hibernate.dialect.Dialect            : HHH000400: Using dialect: org.hibernate.dialect.MySQL5InnoDBDialect
2021-12-16 23:13:09.351  INFO 27381 --- [           main] o.hibernate.id.enhanced.TableGenerator   : HHH000398: Explicit segment value for id generator [tab.sequence_name] suggested; using default [patient]
2021-12-16 23:13:10.108  INFO 27381 --- [           main] o.h.e.t.j.p.i.JtaPlatformInitiator       : HHH000490: Using JtaPlatform implementation: [org.hibernate.engine.transaction.jta.platform.internal.NoJtaPlatform]
2021-12-16 23:13:10.119  INFO 27381 --- [           main] j.LocalContainerEntityManagerFactoryBean : Initialized JPA EntityManagerFactory for persistence unit 'default'
2021-12-16 23:13:11.116  WARN 27381 --- [           main] JpaBaseConfiguration$JpaWebConfiguration : spring.jpa.open-in-view is enabled by default. Therefore, database queries may be performed during view rendering. Explicitly configure spring.jpa.open-in-view to disable this warning
2021-12-16 23:13:11.592  WARN 27381 --- [           main] ConfigServletWebServerApplicationContext : Exception encountered during context initialization - cancelling refresh attempt: org.springframework.context.ApplicationContextException: Failed to start bean 'webServerStartStop'; nested exception is org.springframework.boot.web.server.PortInUseException: Port 8080 is already in use
2021-12-16 23:13:11.595  INFO 27381 --- [           main] j.LocalContainerEntityManagerFactoryBean : Closing JPA EntityManagerFactory for persistence unit 'default'
2021-12-16 23:13:11.596  INFO 27381 --- [           main] com.zaxxer.hikari.HikariDataSource       : HikariPool-1 - Shutdown initiated...
2021-12-16 23:13:11.615  INFO 27381 --- [           main] com.zaxxer.hikari.HikariDataSource       : HikariPool-1 - Shutdown completed.
2021-12-16 23:13:11.617  INFO 27381 --- [           main] o.apache.catalina.core.StandardService   : Stopping service [Tomcat]
2021-12-16 23:13:11.630  INFO 27381 --- [           main] ConditionEvaluationReportLoggingListener : 

Error starting ApplicationContext. To display the conditions report re-run your application with 'debug' enabled.
2021-12-16 23:13:11.658 ERROR 27381 --- [           main] o.s.b.d.LoggingFailureAnalysisReporter   : 

***************************
APPLICATION FAILED TO START
***************************

Description:

Web server failed to start. Port 8080 was already in use.

Action:

Identify and stop the process that's listening on port 8080 or configure this application to listen on another port.

